<?xml version='1.0' encoding='UTF-8'?>
<testsuite hostname="KrishnaumarsMBP" name="AlgorithmsSpec" tests="2" errors="0" failures="0" skipped="0" time="0.12">
                     <properties>
[...]
</properties>
                     <testcase classname="AlgorithmsSpec" name="Solution for 4 should be as below" time="0.028">
                                                 
                                               </testcase><testcase classname="AlgorithmsSpec" name="Solution for 10 should be as below" time="0.092">
                                                 
                                               </testcase>
                     <system-out><![CDATA[]]></system-out>
                     <system-err><![CDATA[]]></system-err>
                   </testsuite>